<?xml version="1.0" encoding="UTF-8"?>
<Site BuildName="(empty)"
	BuildStamp="20250523-0306-Experimental"
	Name="ubuntu-linux-22-04-desktop"
	Generator="ctest-3.22.1"
	CompilerName="/usr/bin/c++"
	CompilerVersion="11.4.0"
	OSName="Linux"
	Hostname="ubuntu-linux-22-04-desktop"
	OSRelease="5.15.0-140-generic"
	OSVersion="#150-Ubuntu SMP Sat Apr 12 06:17:19 UTC 2025"
	OSPlatform="aarch64"
	Is64Bits="1"
	VendorString=""
	VendorID="Unknown Manufacturer"
	FamilyID="8"
	ModelID="0"
	ProcessorCacheSize="0"
	NumberOfLogicalCPU="3"
	NumberOfPhysicalCPU="1"
	TotalVirtualMemory="2047"
	TotalPhysicalMemory="1966"
	LogicalProcessorsPerPhysical="3"
	ProcessorClockFrequency="0"
	>
	<Testing>
		<StartDateTime>May 23 13:06 AEST</StartDateTime>
		<StartTestTime>1747969611</StartTestTime>
		<TestList/>
		<EndDateTime>May 23 13:06 AEST</EndDateTime>
		<EndTestTime>1747969611</EndTestTime>
		<ElapsedMinutes>0</ElapsedMinutes>
	</Testing>
</Site>
