[0.010s] Invoking command in '/home/rhys/ros2_ws/src/RS2/visual/build/visual': CMAKE_PREFIX_PATH=${CMAKE_PREFIX_PATH}:/home/rhys/ros2_ws/install/turtlebot3_teleop:/home/rhys/ros2_ws/install/turtlebot3_example:/home/rhys/ros2_ws/install/drone_control:/opt/ros/humble /usr/bin/cmake --build /home/rhys/ros2_ws/src/RS2/visual/build/visual -- -j16 -l16
[0.031s] -- Found ament_cmake: 1.3.11 (/opt/ros/humble/share/ament_cmake/cmake)
[0.125s] -- Found rclcpp: 16.0.11 (/opt/ros/humble/share/rclcpp/cmake)
[0.147s] -- Found rosidl_generator_c: 3.1.6 (/opt/ros/humble/share/rosidl_generator_c/cmake)
[0.149s] -- Found rosidl_adapter: 3.1.6 (/opt/ros/humble/share/rosidl_adapter/cmake)
[0.153s] -- Found rosidl_generator_cpp: 3.1.6 (/opt/ros/humble/share/rosidl_generator_cpp/cmake)
[0.160s] -- Using all available rosidl_typesupport_c: rosidl_typesupport_fastrtps_c;rosidl_typesupport_introspection_c
[0.169s] -- Using all available rosidl_typesupport_cpp: rosidl_typesupport_fastrtps_cpp;rosidl_typesupport_introspection_cpp
[0.191s] -- Found rmw_implementation_cmake: 6.1.2 (/opt/ros/humble/share/rmw_implementation_cmake/cmake)
[0.192s] -- Found rmw_fastrtps_cpp: 6.2.7 (/opt/ros/humble/share/rmw_fastrtps_cpp/cmake)
[0.287s] -- Using RMW implementation 'rmw_fastrtps_cpp' as default
[0.320s] -- Found sensor_msgs: 4.2.4 (/opt/ros/humble/share/sensor_msgs/cmake)
[0.340s] -- Found vision_msgs: 4.1.1 (/opt/ros/humble/share/vision_msgs/cmake)
[0.350s] -- Found cv_bridge: 3.2.1 (/opt/ros/humble/share/cv_bridge/cmake)
[0.355s] -- Found image_transport: 3.1.10 (/opt/ros/humble/share/image_transport/cmake)
[0.450s] -- Configuring done
[0.485s] -- Generating done
[0.497s] -- Build files have been written to: /home/rhys/ros2_ws/src/RS2/visual/build/visual
[0.522s] [35m[1mConsolidate compiler generated dependencies of target fusion_node[0m
[0.522s] [35m[1mConsolidate compiler generated dependencies of target camera_node[0m
[0.522s] [35m[1mConsolidate compiler generated dependencies of target bottle_detector_ort[0m
[0.522s] [35m[1mConsolidate compiler generated dependencies of target esky_detector[0m
[0.522s] [35m[1mConsolidate compiler generated dependencies of target brand_recognition[0m
[0.522s] [35m[1mConsolidate compiler generated dependencies of target cartesian[0m
[0.532s] [  7%] [32mBuilding CXX object CMakeFiles/crop_node.dir/src/CropNode.cpp.o[0m
[0.540s] [ 50%] Built target camera_node
[0.541s] [ 50%] Built target fusion_node
[0.541s] [ 50%] Built target bottle_detector_ort
[0.548s] [ 71%] Built target esky_detector
[0.548s] [ 78%] Built target cartesian
[0.548s] [ 85%] [32mBuilding CXX object CMakeFiles/brand_recognition.dir/src/BrandRecognition.cpp.o[0m
[1.709s] gmake[2]: *** [CMakeFiles/crop_node.dir/build.make:76: CMakeFiles/crop_node.dir/src/CropNode.cpp.o] Interrupt
[1.709s] gmake[2]: *** [CMakeFiles/brand_recognition.dir/build.make:76: CMakeFiles/brand_recognition.dir/src/BrandRecognition.cpp.o] Interrupt
[1.709s] gmake[1]: *** [CMakeFiles/Makefile2:305: CMakeFiles/crop_node.dir/all] Interrupt
[1.709s] gmake[1]: *** [CMakeFiles/Makefile2:253: CMakeFiles/brand_recognition.dir/all] Interrupt
[1.709s] gmake: *** [Makefile:146: all] Interrupt
[1.726s] Invoked command in '/home/rhys/ros2_ws/src/RS2/visual/build/visual' returned '-2': CMAKE_PREFIX_PATH=${CMAKE_PREFIX_PATH}:/home/rhys/ros2_ws/install/turtlebot3_teleop:/home/rhys/ros2_ws/install/turtlebot3_example:/home/rhys/ros2_ws/install/drone_control:/opt/ros/humble /usr/bin/cmake --build /home/rhys/ros2_ws/src/RS2/visual/build/visual -- -j16 -l16
