<?xml version="1.0" encoding="UTF-8"?>
<Site BuildName="(empty)"
	BuildStamp="20250324-0827-Experimental"
	Name="rhys-laptop"
	Generator="ctest-3.22.1"
	CompilerName="/usr/bin/c++"
	CompilerVersion="11.4.0"
	OSName="Linux"
	Hostname="rhys-laptop"
	OSRelease="6.8.0-52-generic"
	OSVersion="#53~22.04.1-Ubuntu SMP PREEMPT_DYNAMIC Wed Jan 15 19:18:46 UTC 2"
	OSPlatform="x86_64"
	Is64Bits="1"
	VendorString="AuthenticAMD"
	VendorID="Advanced Micro Devices"
	FamilyID="25"
	ModelID="80"
	ProcessorCacheSize="512"
	NumberOfLogicalCPU="16"
	NumberOfPhysicalCPU="8"
	TotalVirtualMemory="0"
	TotalPhysicalMemory="15389"
	LogicalProcessorsPerPhysical="2"
	ProcessorClockFrequency="3590.48"
	>
	<Testing>
		<StartDateTime>Mar 24 19:27 AEDT</StartDateTime>
		<StartTestTime>1742804855</StartTestTime>
		<TestList/>
		<EndDateTime>Mar 24 19:27 AEDT</EndDateTime>
		<EndTestTime>1742804855</EndTestTime>
		<ElapsedMinutes>0</ElapsedMinutes>
	</Testing>
</Site>
